<?xml version="1.0" encoding="UTF-8"?>
<!-- Generated by org.testng.reporters.JUnitReportReporter -->
<testsuite skipped="0" hostname="CORE-PC" name="testNg.Practice2" tests="1" failures="0" timestamp="06 Jul 2019 06:10:17 GMT" time="0.001" errors="0">
  <testcase name="test3" time="0.001" classname="testNg.Practice2"/>
</testsuite> <!-- testNg.Practice2 -->
