<?xml version="1.0" encoding="UTF-8"?>
<!-- Generated by org.testng.reporters.JUnitReportReporter -->
<testsuite skipped="1" hostname="CORE-PC" name="admin.Dashboard" tests="1" failures="0" timestamp="06 Jul 2019 07:25:10 GMT" time="0.000" errors="0">
  <testcase name="f" time="0.000" classname="admin.Dashboard">
    <skipped/>
  </testcase> <!-- f -->
</testsuite> <!-- admin.Dashboard -->
