<?xml version="1.0" encoding="UTF-8"?>
<!-- Generated by org.testng.reporters.JUnitReportReporter -->
<testsuite skipped="0" hostname="CORE-PC" name="testNg.Practice" tests="2" failures="0" timestamp="06 Jul 2019 06:10:17 GMT" time="0.010" errors="0">
  <testcase name="test2" time="0.002" classname="testNg.Practice"/>
  <testcase name="test1" time="0.008" classname="testNg.Practice"/>
</testsuite> <!-- testNg.Practice -->
