<?xml version="1.0" encoding="UTF-8"?>
<!-- Generated by org.testng.reporters.JUnitReportReporter -->
<testsuite skipped="0" hostname="CORE-PC" name="admin.Login" tests="1" failures="0" timestamp="06 Jul 2019 09:57:53 GMT" time="2.464" errors="0">
  <testcase name="searchFunctionality" time="2.464" classname="admin.Login"/>
</testsuite> <!-- admin.Login -->
